#
# A fatal error has been detected by the Java Runtime Environment:
#
#  EXCEPTION_ACCESS_VIOLATION (0xc0000005) at pc=0x00007ff9273246f6, pid=15860, tid=0x000000000000358c
#
# JRE version: OpenJDK Runtime Environment (8.0_352-b08) (build 1.8.0_352-b08)
# Java VM: OpenJDK 64-Bit Server VM (25.352-b08 mixed mode windows-amd64 compressed oops)
# Problematic frame:
# C  [igxelpicd64.dll+0x146f6]
#
# Failed to write core dump. Minidumps are not enabled by default on client versions of Windows
#
# If you would like to submit a bug report, please visit:
#   https://bell-sw.com/support
# The crash happened outside the Java Virtual Machine in native code.
# See problematic frame for where to report the bug.
#

---------------  T H R E A D  ---------------

Current thread (0x000002466b9c0000):  JavaThread "main" [_thread_in_native, id=13708, stack(0x000000b195b00000,0x000000b195c00000)]

siginfo: ExceptionCode=0xc0000005, writing address 0x000002460e450000

Registers:
RAX=0x00000000680b0000, RBX=0x000002460b1eeff8, RCX=0x000002460e450000, RDX=0x00007ff928242530
RSP=0x000000b195bff4a0, RBP=0x000000b195bff5d0, RSI=0x0000000000000000, RDI=0x000002460b1ba1c0
R8 =0x0000000000000004, R9 =0x000000b195bff680, R10=0x0000000000000320, R11=0x0000000000000004
R12=0x0000000000000000, R13=0x0000000000004100, R14=0x0000000000000002, R15=0x000002466b9c0000
RIP=0x00007ff9273246f6, EFLAGS=0x0000000000010202

Top of Stack: (sp=0x000000b195bff4a0)
0x000000b195bff4a0:   0000000000004100 0000000000000000
0x000000b195bff4b0:   000002460b1ba1c0 0000000000000000
0x000000b195bff4c0:   000002460b1ba1c0 00007ff9275ca872
0x000000b195bff4d0:   0000000000000100 000002460b1facc0
0x000000b195bff4e0:   000002460b003fc0 0000000000000000
0x000000b195bff4f0:   0000000000000000 00007ff9275b6e50
0x000000b195bff500:   00007ff97962f1f0 00007ff978c4267f
0x000000b195bff510:   0000000200000000 0000000000000000
0x000000b195bff520:   0000410000000000 0000032000000258
0x000000b195bff530:   000000b195bff680 00007ff978624a1b
0x000000b195bff540:   0000000000000001 0000000000000000
0x000000b195bff550:   0000000000000000 0000000000000000
0x000000b195bff560:   0000025800000000 000002460b2b18f0
0x000000b195bff570:   00000000000a0008 00007ff92f7c5a10
0x000000b195bff580:   000000b195bff548 0000000000000000
0x000000b195bff590:   0000000000000000 000000b195bff6f0 

Instructions: (pc=0x00007ff9273246f6)
0x00007ff9273246d6:   1c fe ff ff 49 83 f8 01 0f 84 8e 01 00 00 49 83
0x00007ff9273246e6:   f8 02 74 b2 49 83 f8 03 0f 84 51 02 00 00 8b 02
0x00007ff9273246f6:   89 01 48 83 c4 28 c3 0f b6 02 49 ff c8 88 01 48
0x00007ff927324706:   ff c1 48 ff c2 e9 99 fe ff ff ff c8 83 f8 06 0f 


Register to memory mapping:

RAX=0x00000000680b0000 is an unknown value
RBX=0x000002460b1eeff8 is an unknown value
RCX=0x000002460e450000 is an unknown value
RDX=0x00007ff928242530 is an unknown value
RSP=0x000000b195bff4a0 is pointing into the stack for thread: 0x000002466b9c0000
RBP=0x000000b195bff5d0 is pointing into the stack for thread: 0x000002466b9c0000
RSI=0x0000000000000000 is an unknown value
RDI=0x000002460b1ba1c0 is an unknown value
R8 =0x0000000000000004 is an unknown value
R9 =0x000000b195bff680 is pointing into the stack for thread: 0x000002466b9c0000
R10=0x0000000000000320 is an unknown value
R11=0x0000000000000004 is an unknown value
R12=0x0000000000000000 is an unknown value
R13=0x0000000000004100 is an unknown value
R14=0x0000000000000002 is an unknown value
R15=0x000002466b9c0000 is a thread


Stack: [0x000000b195b00000,0x000000b195c00000],  sp=0x000000b195bff4a0,  free space=1021k
Native frames: (J=compiled Java code, j=interpreted, Vv=VM code, C=native code)
C  [igxelpicd64.dll+0x146f6]
C  [igxelpicd64.dll+0x2ba872]
C  [igxelpicd64.dll+0x2e2ce1]
C  0x000002466d70bbda

Java frames: (J=compiled Java code, j=interpreted, Vv=VM code)
J 609  org.lwjgl.opengl.GL11C.glClear(I)V (0 bytes) @ 0x000002466d70bb41 [0x000002466d70bb00+0x41]
J 622% C2 jade.Window.loop()V (82 bytes) @ 0x000002466d715738 [0x000002466d7155e0+0x158]
j  jade.Window.run()V+37
j  Main.main([Ljava/lang/String;)V+5
v  ~StubRoutines::call_stub

---------------  P R O C E S S  ---------------

Java Threads: ( => current thread )
  0x000002460aa38800 JavaThread "Service Thread" daemon [_thread_blocked, id=12432, stack(0x000000b196d00000,0x000000b196e00000)]
  0x000002467ed33000 JavaThread "C1 CompilerThread3" daemon [_thread_blocked, id=4260, stack(0x000000b196c00000,0x000000b196d00000)]
  0x000002467ed30000 JavaThread "C2 CompilerThread2" daemon [_thread_blocked, id=19064, stack(0x000000b196b00000,0x000000b196c00000)]
  0x000002467ed2c800 JavaThread "C2 CompilerThread1" daemon [_thread_blocked, id=5840, stack(0x000000b196a00000,0x000000b196b00000)]
  0x000002467ed29000 JavaThread "C2 CompilerThread0" daemon [_thread_blocked, id=18988, stack(0x000000b196900000,0x000000b196a00000)]
  0x000002467ed27800 JavaThread "Attach Listener" daemon [_thread_blocked, id=13156, stack(0x000000b196800000,0x000000b196900000)]
  0x000002467ed26000 JavaThread "Signal Dispatcher" daemon [_thread_blocked, id=6468, stack(0x000000b196700000,0x000000b196800000)]
  0x000002467ecf9000 JavaThread "Finalizer" daemon [_thread_blocked, id=13308, stack(0x000000b196600000,0x000000b196700000)]
  0x000002467ecf1800 JavaThread "Reference Handler" daemon [_thread_blocked, id=13324, stack(0x000000b196500000,0x000000b196600000)]
=>0x000002466b9c0000 JavaThread "main" [_thread_in_native, id=13708, stack(0x000000b195b00000,0x000000b195c00000)]

Other Threads:
  0x000002467ecc7800 VMThread [stack: 0x000000b196400000,0x000000b196500000] [id=11044]
  0x000002467ed9b000 WatcherThread [stack: 0x000000b196e00000,0x000000b196f00000] [id=5060]

VM state:not at safepoint (normal execution)

VM Mutex/Monitor currently owned by a thread: None

heap address: 0x0000000683600000, size: 5066 MB, Compressed Oops mode: Zero based, Oop shift amount: 3
Narrow klass base: 0x0000000000000000, Narrow klass shift: 3
Compressed class space size: 1073741824 Address: 0x00000007c0000000

Heap:
 PSYoungGen      total 95232K, used 11784K [0x0000000756780000, 0x000000075d180000, 0x00000007c0000000)
  eden space 81920K, 14% used [0x0000000756780000,0x0000000757302160,0x000000075b780000)
  from space 13312K, 0% used [0x000000075c480000,0x000000075c480000,0x000000075d180000)
  to   space 13312K, 0% used [0x000000075b780000,0x000000075b780000,0x000000075c480000)
 ParOldGen       total 217088K, used 0K [0x0000000683600000, 0x0000000690a00000, 0x0000000756780000)
  object space 217088K, 0% used [0x0000000683600000,0x0000000683600000,0x0000000690a00000)
 Metaspace       used 7549K, capacity 7890K, committed 8064K, reserved 1056768K
  class space    used 734K, capacity 836K, committed 896K, reserved 1048576K

Card table byte_map: [0x000002467c820000,0x000002467d210000] byte_map_base: 0x0000024679405000

Marking Bits: (ParMarkBitMap*) 0x000000006b7c37f0
 Begin Bits: [0x0000024600000000, 0x0000024604f28000)
 End Bits:   [0x0000024604f28000, 0x0000024609e50000)

Polling page: 0x000002466b970000

CodeCache: size=245760Kb used=2765Kb max_used=2770Kb free=242994Kb
 bounds [0x000002466d460000, 0x000002466d720000, 0x000002467c460000]
 total_blobs=1547 nmethods=622 adapters=838
 compilation: enabled

Compilation events (10 events):
Event: 0.506 Thread 0x000002467ed2c800  618       4       org.lwjgl.opengl.GL11::glClearColor (8 bytes)
Event: 0.506 Thread 0x000002467ed29000 nmethod 619 0x000002466d7101d0 code [0x000002466d710320, 0x000002466d710388]
Event: 0.506 Thread 0x000002467ed30000 nmethod 617 0x000002466d712550 code [0x000002466d7126a0, 0x000002466d712708]
Event: 0.506 Thread 0x000002467ed2c800 nmethod 618 0x000002466d713a50 code [0x000002466d713ba0, 0x000002466d713c08]
Event: 0.641 Thread 0x000002467ed33000  620 %     3       jade.Window::loop @ 12 (82 bytes)
Event: 0.642 Thread 0x000002467ed33000 nmethod 620% 0x000002466d7110d0 code [0x000002466d711360, 0x000002466d711f10]
Event: 0.644 Thread 0x000002467ed33000  621       3       jade.Window::loop (82 bytes)
Event: 0.644 Thread 0x000002467ed33000 nmethod 621 0x000002466d714050 code [0x000002466d7142e0, 0x000002466d714df0]
Event: 0.731 Thread 0x000002467ed29000  622 %     4       jade.Window::loop @ 12 (82 bytes)
Event: 0.733 Thread 0x000002467ed29000 nmethod 622% 0x000002466d715410 code [0x000002466d7155e0, 0x000002466d715a70]

GC Heap History (0 events):
No events

Deoptimization events (1 events):
Event: 0.172 Thread 0x000002466b9c0000 Uncommon trap: reason=unstable_if action=reinterpret pc=0x000002466d60bcbc method=java.lang.String.indexOf([CII[CIII)I @ 3

Classes redefined (0 events):
No events

Internal exceptions (10 events):
Event: 0.193 Thread 0x000002466b9c0000 Exception <a 'java/security/PrivilegedActionException'> (0x0000000756eab4c0) thrown at [C:\ws\workspace\8u352\jdk-8u352\CT\std\label\windows-x86_64\type\b8\b\hotspot\src\share\vm\prims\jvm.cpp, line 1514]
Event: 0.193 Thread 0x000002466b9c0000 Exception <a 'java/security/PrivilegedActionException'> (0x0000000756eab6d0) thrown at [C:\ws\workspace\8u352\jdk-8u352\CT\std\label\windows-x86_64\type\b8\b\hotspot\src\share\vm\prims\jvm.cpp, line 1514]
Event: 0.193 Thread 0x000002466b9c0000 Exception <a 'java/security/PrivilegedActionException'> (0x0000000756ead708) thrown at [C:\ws\workspace\8u352\jdk-8u352\CT\std\label\windows-x86_64\type\b8\b\hotspot\src\share\vm\prims\jvm.cpp, line 1514]
Event: 0.193 Thread 0x000002466b9c0000 Exception <a 'java/security/PrivilegedActionException'> (0x0000000756ead918) thrown at [C:\ws\workspace\8u352\jdk-8u352\CT\std\label\windows-x86_64\type\b8\b\hotspot\src\share\vm\prims\jvm.cpp, line 1514]
Event: 0.223 Thread 0x000002466b9c0000 Exception <a 'sun/nio/fs/WindowsException'> (0x0000000756fb1ba8) thrown at [C:\ws\workspace\8u352\jdk-8u352\CT\std\label\windows-x86_64\type\b8\b\hotspot\src\share\vm\prims\jni.cpp, line 711]
Event: 0.223 Thread 0x000002466b9c0000 Exception <a 'sun/nio/fs/WindowsException'> (0x0000000756fb2270) thrown at [C:\ws\workspace\8u352\jdk-8u352\CT\std\label\windows-x86_64\type\b8\b\hotspot\src\share\vm\prims\jni.cpp, line 711]
Event: 0.315 Thread 0x000002466b9c0000 Exception <a 'sun/nio/fs/WindowsException'> (0x000000075709ea40) thrown at [C:\ws\workspace\8u352\jdk-8u352\CT\std\label\windows-x86_64\type\b8\b\hotspot\src\share\vm\prims\jni.cpp, line 711]
Event: 0.315 Thread 0x000002466b9c0000 Exception <a 'sun/nio/fs/WindowsException'> (0x000000075709f170) thrown at [C:\ws\workspace\8u352\jdk-8u352\CT\std\label\windows-x86_64\type\b8\b\hotspot\src\share\vm\prims\jni.cpp, line 711]
Event: 0.321 Thread 0x000002466b9c0000 Exception <a 'sun/nio/fs/WindowsException'> (0x00000007570b1b78) thrown at [C:\ws\workspace\8u352\jdk-8u352\CT\std\label\windows-x86_64\type\b8\b\hotspot\src\share\vm\prims\jni.cpp, line 711]
Event: 0.321 Thread 0x000002466b9c0000 Exception <a 'sun/nio/fs/WindowsException'> (0x00000007570b2158) thrown at [C:\ws\workspace\8u352\jdk-8u352\CT\std\label\windows-x86_64\type\b8\b\hotspot\src\share\vm\prims\jni.cpp, line 711]

Events (10 events):
Event: 0.399 loading class java/util/function/IntFunction
Event: 0.399 loading class java/util/function/IntFunction done
Event: 0.470 loading class util/Time
Event: 0.470 loading class util/Time done
Event: 0.472 loading class org/lwjgl/opengl/GL11
Event: 0.472 loading class org/lwjgl/opengl/GL11 done
Event: 0.474 loading class org/lwjgl/opengl/GL11C
Event: 0.475 loading class org/lwjgl/opengl/GL11C done
Event: 0.749 Thread 0x000002466b9c0000 DEOPT PACKING pc=0x000002466d711d8e sp=0x000000b195bff690
Event: 0.749 Thread 0x000002466b9c0000 DEOPT UNPACKING pc=0x000002466d4a75d8 sp=0x000000b195bff450 mode 0


Dynamic libraries:
0x00007ff66e290000 - 0x00007ff66e2d5000 	C:\Program Files\BellSoft\LibericaJDK-8\bin\java.exe
0x00007ff979590000 - 0x00007ff9797a6000 	C:\WINDOWS\SYSTEM32\ntdll.dll
0x00007ff978620000 - 0x00007ff9786e4000 	C:\WINDOWS\System32\KERNEL32.DLL
0x00007ff976cf0000 - 0x00007ff977097000 	C:\WINDOWS\System32\KERNELBASE.dll
0x00007ff977330000 - 0x00007ff9773e2000 	C:\WINDOWS\System32\ADVAPI32.dll
0x00007ff979340000 - 0x00007ff9793e7000 	C:\WINDOWS\System32\msvcrt.dll
0x00007ff9790d0000 - 0x00007ff979178000 	C:\WINDOWS\System32\sechost.dll
0x00007ff976b00000 - 0x00007ff976b28000 	C:\WINDOWS\System32\bcrypt.dll
0x00007ff978dd0000 - 0x00007ff978ee5000 	C:\WINDOWS\System32\RPCRT4.dll
0x00007ff978c20000 - 0x00007ff978dce000 	C:\WINDOWS\System32\USER32.dll
0x00007ff977120000 - 0x00007ff977146000 	C:\WINDOWS\System32\win32u.dll
0x00007ff978f80000 - 0x00007ff978fa9000 	C:\WINDOWS\System32\GDI32.dll
0x00007ff976b30000 - 0x00007ff976c49000 	C:\WINDOWS\System32\gdi32full.dll
0x00007ff976c50000 - 0x00007ff976cea000 	C:\WINDOWS\System32\msvcp_win.dll
0x00007ff9769e0000 - 0x00007ff976af1000 	C:\WINDOWS\System32\ucrtbase.dll
0x00007ff95c200000 - 0x00007ff95c493000 	C:\WINDOWS\WinSxS\amd64_microsoft.windows.common-controls_6595b64144ccf1df_6.0.22621.3235_none_270f74e173860f98\COMCTL32.dll
0x00007ff978a80000 - 0x00007ff978ab1000 	C:\WINDOWS\System32\IMM32.DLL
0x00007ff96c390000 - 0x00007ff96c3a5000 	C:\Program Files\BellSoft\LibericaJDK-8\jre\bin\vcruntime140.dll
0x00007ff9439f0000 - 0x00007ff943a8b000 	C:\Program Files\BellSoft\LibericaJDK-8\jre\bin\msvcp140.dll
0x000000006afe0000 - 0x000000006b83c000 	C:\Program Files\BellSoft\LibericaJDK-8\jre\bin\server\jvm.dll
0x00007ff978b20000 - 0x00007ff978b28000 	C:\WINDOWS\System32\PSAPI.DLL
0x00007ff96b330000 - 0x00007ff96b339000 	C:\WINDOWS\SYSTEM32\WSOCK32.dll
0x00007ff96c350000 - 0x00007ff96c384000 	C:\WINDOWS\SYSTEM32\WINMM.dll
0x00007ff964560000 - 0x00007ff96456a000 	C:\WINDOWS\SYSTEM32\VERSION.dll
0x00007ff977c00000 - 0x00007ff977c71000 	C:\WINDOWS\System32\WS2_32.dll
0x00007ff9759e0000 - 0x00007ff9759f8000 	C:\WINDOWS\SYSTEM32\kernel.appcore.dll
0x00007ff96b200000 - 0x00007ff96b210000 	C:\Program Files\BellSoft\LibericaJDK-8\jre\bin\verify.dll
0x00007ff950600000 - 0x00007ff95062b000 	C:\Program Files\BellSoft\LibericaJDK-8\jre\bin\java.dll
0x00007ff9657a0000 - 0x00007ff9657b8000 	C:\Program Files\BellSoft\LibericaJDK-8\jre\bin\zip.dll
0x00007ff977d30000 - 0x00007ff97858c000 	C:\WINDOWS\System32\SHELL32.dll
0x00007ff9747e0000 - 0x00007ff9750d9000 	C:\WINDOWS\SYSTEM32\windows.storage.dll
0x00007ff977870000 - 0x00007ff977bf8000 	C:\WINDOWS\System32\combase.dll
0x00007ff9746a0000 - 0x00007ff9747de000 	C:\WINDOWS\SYSTEM32\wintypes.dll
0x00007ff978fb0000 - 0x00007ff9790a3000 	C:\WINDOWS\System32\SHCORE.dll
0x00007ff9793f0000 - 0x00007ff97944e000 	C:\WINDOWS\System32\shlwapi.dll
0x00007ff9767e0000 - 0x00007ff976801000 	C:\WINDOWS\SYSTEM32\profapi.dll
0x00007ff959de0000 - 0x00007ff959dfc000 	C:\Program Files\BellSoft\LibericaJDK-8\jre\bin\net.dll
0x00007ff975e50000 - 0x00007ff975eb9000 	C:\WINDOWS\system32\mswsock.dll
0x00007ff950590000 - 0x00007ff9505a3000 	C:\Program Files\BellSoft\LibericaJDK-8\jre\bin\nio.dll
0x00007ff931db0000 - 0x00007ff931e2b000 	C:\Users\leona\AppData\Local\Temp\lwjgl_leona\3.3.3+5\x64\lwjgl.dll
0x00007ff92f760000 - 0x00007ff92f7e2000 	C:\Users\leona\AppData\Local\Temp\lwjgl_leona\3.3.3+5\x64\glfw.dll
0x00007ff92f710000 - 0x00007ff92f756000 	C:\WINDOWS\SYSTEM32\dinput8.dll
0x00007ff96b780000 - 0x00007ff96b791000 	C:\WINDOWS\SYSTEM32\xinput1_4.dll
0x00007ff9765c0000 - 0x00007ff97660e000 	C:\WINDOWS\SYSTEM32\cfgmgr32.dll
0x00007ff976590000 - 0x00007ff9765bc000 	C:\WINDOWS\SYSTEM32\DEVOBJ.dll
0x00007ff973990000 - 0x00007ff9739bb000 	C:\WINDOWS\SYSTEM32\dwmapi.dll
0x00007ff971150000 - 0x00007ff9711fb000 	C:\WINDOWS\system32\uxtheme.dll
0x00007ff95da80000 - 0x00007ff95dc8a000 	C:\WINDOWS\SYSTEM32\inputhost.dll
0x00007ff970d60000 - 0x00007ff970e94000 	C:\WINDOWS\SYSTEM32\CoreMessaging.dll
0x00007ff978720000 - 0x00007ff978873000 	C:\WINDOWS\System32\MSCTF.dll
0x00007ff9770a0000 - 0x00007ff977119000 	C:\WINDOWS\System32\bcryptPrimitives.dll
0x00007ff9760d0000 - 0x00007ff9760dc000 	C:\WINDOWS\SYSTEM32\CRYPTBASE.DLL
0x00007ff94f050000 - 0x00007ff94f150000 	C:\WINDOWS\SYSTEM32\opengl32.dll
0x00007ff951da0000 - 0x00007ff951dcd000 	C:\WINDOWS\SYSTEM32\GLU32.dll
0x00007ff973a00000 - 0x00007ff973a39000 	C:\WINDOWS\SYSTEM32\dxcore.dll
0x00007ff96cf70000 - 0x00007ff96cfba000 	C:\WINDOWS\SYSTEM32\directxdatabasehelper.dll
0x00007ff977c80000 - 0x00007ff977d30000 	C:\WINDOWS\System32\clbcatq.dll
0x00007ff927310000 - 0x00007ff92831b000 	C:\WINDOWS\System32\DriverStore\FileRepository\iigd_dch.inf_amd64_38b23bd92a6775fe\igxelpicd64.dll
0x00007ff9788d0000 - 0x00007ff978a75000 	C:\WINDOWS\System32\ole32.dll
0x00007ff973880000 - 0x00007ff973978000 	C:\WINDOWS\system32\dxgi.dll
0x00007ff92c7b0000 - 0x00007ff92ca9e000 	C:\WINDOWS\System32\DriverStore\FileRepository\iigd_dch.inf_amd64_38b23bd92a6775fe\igdml64.dll
0x00007ff9677d0000 - 0x00007ff967b98000 	C:\WINDOWS\System32\DriverStore\FileRepository\iigd_dch.inf_amd64_38b23bd92a6775fe\igdgmm64.dll
0x00007ff960c80000 - 0x00007ff964266000 	C:\WINDOWS\System32\DriverStore\FileRepository\iigd_dch.inf_amd64_38b23bd92a6775fe\igc64.dll
0x00007ff975750000 - 0x00007ff97579d000 	C:\WINDOWS\SYSTEM32\powrprof.dll
0x00007ff975730000 - 0x00007ff975743000 	C:\WINDOWS\SYSTEM32\UMPDC.dll
0x00007ff978b30000 - 0x00007ff978c07000 	C:\WINDOWS\System32\OLEAUT32.dll
0x00007ff95dc90000 - 0x00007ff95ddda000 	C:\WINDOWS\SYSTEM32\textinputframework.dll
0x00007ff96a060000 - 0x00007ff96a0c9000 	C:\WINDOWS\system32\Oleacc.dll
0x00007ff92ea50000 - 0x00007ff92eaae000 	C:\Users\leona\AppData\Local\Temp\lwjgl_leona\3.3.3+5\x64\lwjgl_opengl.dll
0x00007ff974070000 - 0x00007ff9742a3000 	C:\WINDOWS\SYSTEM32\dbghelp.dll

VM Arguments:
jvm_args: -Dfile.encoding=windows-1252 -Duser.country=BR -Duser.language=pt -Duser.variant 
java_command: Main
java_class_path (initial): D:\jogo\app\build\classes\java\main;D:\jogo\app\build\resources\main;C:\Users\leona\.gradle\caches\modules-2\files-2.1\com.google.guava\guava\31.1-jre\60458f877d055d0c9114d9e1a2efb737b4bc282c\guava-31.1-jre.jar;C:\Users\leona\.gradle\caches\modules-2\files-2.1\org.lwjgl\lwjgl-assimp\3.3.3\c2c34011cbda30ed8cf98bc5cbf97b49afe5279a\lwjgl-assimp-3.3.3.jar;C:\Users\leona\.gradle\caches\modules-2\files-2.1\org.lwjgl\lwjgl-assimp\3.3.3\d90ccdade594716062975cffd1431d387f770ac4\lwjgl-assimp-3.3.3-natives-windows.jar;C:\Users\leona\.gradle\caches\modules-2\files-2.1\org.lwjgl\lwjgl-glfw\3.3.3\efa1eb78c5ccd840e9f329717109b5e892d72f8e\lwjgl-glfw-3.3.3.jar;C:\Users\leona\.gradle\caches\modules-2\files-2.1\org.lwjgl\lwjgl-glfw\3.3.3\e449e28b4891fc423c54c85fbc5bb0b9efece67a\lwjgl-glfw-3.3.3-natives-windows.jar;C:\Users\leona\.gradle\caches\modules-2\files-2.1\org.lwjgl\lwjgl-nfd\3.3.3\f1b41d3a0a2f5cd2a55a6a59a618c87d0348681c\lwjgl-nfd-3.3.3.jar;C:\Users\leona\.gradle\caches\modules-2\files-2.1\org.lwjgl\lwjgl-nfd\3.3.3\3a39132eef695dcb7631adc1d02e493527940d10\lwjgl-nfd-3.3.3-natives-windows.jar;C:\Users\leona\.gradle\caches\modules-2\files-2.1\org.lwjgl\lwjgl-openal\3.3.3\daada81ceb5fc0c291fbfdd4433cb8d9423577f2\lwjgl-openal-3.3.3.jar;C:\Users\leona\.gradle\caches\modules-2\files-2.1\org.lwjgl\lwjgl-openal\3.3.3\cf83862ae95d98496b26915024c7e666d8ab1c8f\lwjgl-openal-3.3.3-natives-windows.jar;C:\Users\leona\.gradle\caches\modules-2\files-2.1\org.lwjgl\lwjgl-opengl\3.3.3\2f6b0147078396a58979125a4c947664e98293a\lwjgl-opengl-3.3.3.jar;C:\Users\leona\.gradle\caches\modules-2\files-2.1\org.lwjgl\lwjgl-opengl\3.3.3\e6c1eec8be8a71951b830a4d69efc01c6531900c\lwjgl-opengl-3.3.3-natives-windows.jar;C:\Users\leona\.gradle\caches\modules-2\files-2.1\org.lwjgl\lwjgl-stb\3.3.3\25dd6161988d7e65f71d5065c99902402ee32746\lwjgl-stb-3.3.3.jar;C:\Users\leona\.gradle\caches\modules-2\files-2.1\org.lwjgl\lwjgl-stb\3.3.3\1d9facdf6541de114b0f963be33505b7679c78cb\lwjgl-stb-3.3.3-n
Launcher Type: SUN_STANDARD

Environment Variables:
JAVA_HOME=C:\Program Files\BellSoft\LibericaJDK-8\
PATH=C:\Users\leona\bin;C:\Program Files\Git\mingw64\bin;C:\Program Files\Git\usr\local\bin;C:\Program Files\Git\usr\bin;C:\Program Files\Git\usr\bin;C:\Program Files\Git\mingw64\bin;C:\Program Files\Git\usr\bin;C:\Users\leona\bin;C:\Program Files\Common Files\Oracle\Java\javapath;C:\Program Files (x86)\Common Files\Oracle\Java\javapath;C:\Program Files\BellSoft\LibericaJDK-8\bin;C:\Windows\system32;C:\Windows;C:\Windows\System32\Wbem;C:\Windows\System32\WindowsPowerShell\v1.0;C:\Windows\System32\OpenSSH;C:\Program Files (x86)\NVIDIA Corporation\PhysX\Common;C:\Program Files\Git\cmd;C:\ProgramData\chocolatey\bin;C:\WINDOWS\system32;C:\WINDOWS;C:\WINDOWS\System32\Wbem;C:\WINDOWS\System32\WindowsPowerShell\v1.0;C:\WINDOWS\System32\OpenSSH;C:\Users\leona\AppData\Local\Android\Sdk\platform-tools;C:\Users\leona\AppData\Roaming\nvm;C:\Program Files\nodejs;C:\Program Files\Docker\Docker\resources\bin;C:\Program Files\nodejs;C:\Program Files\RedHat\Podman;C:\Program Files\dotnet;D:\Python312\Scripts;D:\Python312;C:\Users\leona\.cargo\bin;C:\Users\leona\AppData\Local\Microsoft\WindowsApps;C:\Users\leona\AppData\Local\Programs\Microsoft VS Code\bin;C:\MinGW\bin;C:\Users\leona\vcpkg;C:\Users\leona\AppData\Local\GitHubDesktop\bin;C:\Users\leona\AppData\Roaming\nvm;C:\Program Files\nodejs;C:\Program Files\PostgreSQL\15\bin;C:\Users\leona\AppData\Local\Programs\oh-my-posh\bin;C:\Users\leona\AppData\Roaming\npm;C:\Users\leona\maven\apache-maven-3.9.5\bin;C:\Users\leona\netbeans\bin;D:\graphviz\bin;C:\Users\leona\AppData\Local\Google\Cloud SDK\google-cloud-sdk\bin;C:\Users\leona\AppData\Local\Google\Cloud SDK\google-cloud-sdk\bin;C:\Users\leona\AppData\Local\Programs\Hyper\resources\bin;C:\Program Files\Git\usr\bin\vendor_perl;C:\Program Files\Git\usr\bin\core_perl
USERNAME=leona
SHELL=C:\Program Files\Git\usr\bin\bash.exe
DISPLAY=needs-to-be-defined
OS=Windows_NT
PROCESSOR_IDENTIFIER=Intel64 Family 6 Model 140 Stepping 1, GenuineIntel



---------------  S Y S T E M  ---------------

OS: Windows 10.0 , 64 bit Build 22621 (10.0.22621.3374)

CPU:total 8 (initial active 8) (4 cores per cpu, 2 threads per core) family 6 model 140 stepping 1, cmov, cx8, fxsr, mmx, sse, sse2, sse3, ssse3, sse4.1, sse4.2, popcnt, avx, avx2, aes, clmul, erms, 3dnowpref, lzcnt, ht, tsc, tscinvbit, bmi1, bmi2, adx

Memory: 4k page, physical 20745528k(8741048k free), swap 24284472k(5589840k free)

vm_info: OpenJDK 64-Bit Server VM (25.352-b08) for windows-amd64 JRE (1.8.0_352-b08), built on Oct 15 2022 06:52:15 by "hudson" with MS VC++ 15.9 (VS2017)

time: Mon May  6 17:57:57 2024
timezone: Hora oficial do Brasil
elapsed time: 1.153397 seconds (0d 0h 0m 1s)

